[debug] [2026-03-18T13:31:31.483Z] ----------------------------------------------------------------------
[debug] [2026-03-18T13:31:31.489Z] Command:       C:\Program Files\nodejs\node.exe C:\Users\USER\AppData\Roaming\npm\node_modules\firebase-tools\lib\bin\firebase.js deploy --only hosting
[debug] [2026-03-18T13:31:31.490Z] CLI Version:   15.10.1
[debug] [2026-03-18T13:31:31.490Z] Platform:      win32
[debug] [2026-03-18T13:31:31.490Z] Node Version:  v24.14.0
[debug] [2026-03-18T13:31:31.491Z] Time:          Wed Mar 18 2026 21:31:31 GMT+0800 (Singapore Standard Time)
[debug] [2026-03-18T13:31:31.491Z] ----------------------------------------------------------------------
[debug] 
[debug] [2026-03-18T13:31:35.170Z] > command requires scopes: ["email","openid","https://www.googleapis.com/auth/cloudplatformprojects.readonly","https://www.googleapis.com/auth/firebase","https://www.googleapis.com/auth/cloud-platform"]
[debug] [2026-03-18T13:31:35.171Z] > authorizing via signed-in user (olimpoaxle2007@gmail.com)
[debug] [2026-03-18T13:31:35.171Z] [iam] checking project wissenlib-neu for permissions ["firebase.projects.get","firebasehosting.sites.update"]
[debug] [2026-03-18T13:31:35.174Z] Checked if tokens are valid: false, expires at: 1773841323670
[debug] [2026-03-18T13:31:35.174Z] Checked if tokens are valid: false, expires at: 1773841323670
[debug] [2026-03-18T13:31:35.175Z] > refreshing access token with scopes: []
[debug] [2026-03-18T13:31:35.187Z] >>> [apiv2][query] POST https://www.googleapis.com/oauth2/v3/token [none]
[debug] [2026-03-18T13:31:35.187Z] >>> [apiv2][body] POST https://www.googleapis.com/oauth2/v3/token [omitted]
[debug] [2026-03-18T13:31:35.373Z] <<< [apiv2][status] POST https://www.googleapis.com/oauth2/v3/token 200
[debug] [2026-03-18T13:31:35.374Z] <<< [apiv2][body] POST https://www.googleapis.com/oauth2/v3/token [omitted]
[debug] [2026-03-18T13:31:35.385Z] >>> [apiv2][query] POST https://cloudresourcemanager.googleapis.com/v1/projects/wissenlib-neu:testIamPermissions [none]
[debug] [2026-03-18T13:31:35.386Z] >>> [apiv2][(partial)header] POST https://cloudresourcemanager.googleapis.com/v1/projects/wissenlib-neu:testIamPermissions  x-goog-user-project=wissenlib-neu
[debug] [2026-03-18T13:31:35.386Z] >>> [apiv2][body] POST https://cloudresourcemanager.googleapis.com/v1/projects/wissenlib-neu:testIamPermissions {"permissions":["firebase.projects.get","firebasehosting.sites.update"]}
[debug] [2026-03-18T13:31:36.389Z] <<< [apiv2][status] POST https://cloudresourcemanager.googleapis.com/v1/projects/wissenlib-neu:testIamPermissions 200
[debug] [2026-03-18T13:31:36.389Z] <<< [apiv2][body] POST https://cloudresourcemanager.googleapis.com/v1/projects/wissenlib-neu:testIamPermissions {"permissions":["firebase.projects.get","firebasehosting.sites.update"]}
[debug] [2026-03-18T13:31:36.391Z] Checked if tokens are valid: true, expires at: 1773844294374
[debug] [2026-03-18T13:31:36.392Z] Checked if tokens are valid: true, expires at: 1773844294374
[debug] [2026-03-18T13:31:36.394Z] >>> [apiv2][query] GET https://firebase.googleapis.com/v1beta1/projects/wissenlib-neu [none]
[debug] [2026-03-18T13:31:36.848Z] <<< [apiv2][status] GET https://firebase.googleapis.com/v1beta1/projects/wissenlib-neu 200
[debug] [2026-03-18T13:31:36.848Z] <<< [apiv2][body] GET https://firebase.googleapis.com/v1beta1/projects/wissenlib-neu {"projectId":"wissenlib-neu","projectNumber":"116880882776","displayName":"wissenlib-neu","name":"projects/wissenlib-neu","resources":{"hostingSite":"wissenlib-neu"},"state":"ACTIVE","etag":"1_ae31cbda-6ced-45ee-a3a4-8aaac0f1ea19"}
[info] 
[info] === Deploying to 'wissenlib-neu'...
[info] 
[info] i  deploying hosting 
[debug] [2026-03-18T13:31:36.866Z] Checked if tokens are valid: true, expires at: 1773844294374
[debug] [2026-03-18T13:31:36.867Z] Checked if tokens are valid: true, expires at: 1773844294374
[debug] [2026-03-18T13:31:36.867Z] >>> [apiv2][query] POST https://firebasehosting.googleapis.com/v1beta1/projects/-/sites/wissenlib-neu/versions [none]
[debug] [2026-03-18T13:31:36.867Z] >>> [apiv2][body] POST https://firebasehosting.googleapis.com/v1beta1/projects/-/sites/wissenlib-neu/versions {"status":"CREATED","labels":{"deployment-tool":"cli-firebase"}}
[debug] [2026-03-18T13:31:38.839Z] <<< [apiv2][status] POST https://firebasehosting.googleapis.com/v1beta1/projects/-/sites/wissenlib-neu/versions 200
[debug] [2026-03-18T13:31:38.840Z] <<< [apiv2][body] POST https://firebasehosting.googleapis.com/v1beta1/projects/-/sites/wissenlib-neu/versions {"name":"projects/116880882776/sites/wissenlib-neu/versions/baa20cc44fbd35b7","status":"CREATED","config":{},"labels":{"deployment-tool":"cli-firebase"}}
[info] i  hosting[wissenlib-neu]: beginning deploy... 
[info] i  hosting[wissenlib-neu]: found 82 files in . 
[debug] [2026-03-18T13:31:38.905Z] [hosting] uploading with 200 concurrency
[debug] [2026-03-18T13:31:38.929Z] Checked if tokens are valid: true, expires at: 1773844294374
[debug] [2026-03-18T13:31:38.929Z] Checked if tokens are valid: true, expires at: 1773844294374
[debug] [2026-03-18T13:31:38.931Z] [hosting] hash cache [] stored for 82 files
[debug] [2026-03-18T13:31:38.932Z] [hosting][hash queue][FINAL] {"max":9,"min":0,"avg":1.8522281143972128,"active":0,"complete":82,"success":82,"errored":0,"retried":0,"total":82,"elapsed":20}
[debug] [2026-03-18T13:31:38.932Z] >>> [apiv2][query] POST https://firebasehosting.googleapis.com/v1beta1/projects/116880882776/sites/wissenlib-neu/versions/baa20cc44fbd35b7:populateFiles [none]
[debug] [2026-03-18T13:31:38.932Z] >>> [apiv2][body] POST https://firebasehosting.googleapis.com/v1beta1/projects/116880882776/sites/wissenlib-neu/versions/baa20cc44fbd35b7:populateFiles {"files":{"/README.md":"a4a11240ff66b1a87761b5a447adfa70c65137f06f1d0433ec06bb8427ca9859","/index.html":"ab9d4aca33a49b3607cca322893f3e99f334c42d1e7075e55795738aa80d0531","/checkin.html":"4dbebaa1ceafbe710efedad3e0a3ded48d65df7234655310515c21c3cdb189f9","/admin.html":"75ef860669aff0e79bb77e78691d67c199dead7e30ab75bcb87ed814aef5b2b5","/js/theme.js":"fe34585cda10505ce814d9ec3b80e776b610f6cd2c8adf35edbd603cd5de8b60","/js/firebase-config.js":"d0dea73625d0e83b61da8426d099fc16f175049cff13264e5fb7e4f2cec4007c","/js/auth.js":"1cbc0f2b5e45bf80dcaecc2812e87afadf6c629978a8ab5904cc852aee41fe96","/images/img5.jpg":"32ab82d363f424e1650bac301202093a030e2f0ca2100aefddbddcb50d5257ad","/images/img4.jpg":"5071f81e4d9c66f25ce4d508e08e9bda6883a07e2054dbf7085d78a1c613a44f","/images/img3.jpg":"b1c5e8857ee57d048ac251e50e35194c3fb3e0a261f159e90d9559c574b5f6bc","/images/img2.jpg":"68316502871da07a25affac2ae643e4c84d7c3eefdfe3bf41ea3d6876e50c30f","/images/img1.jpg":"45bf55b4fe345763d49cca957a96aa2efff61420511ce546eba73d2895e88f31","/css/styles.css":"cfc00b7484016c10a81af15c65ef0936661de8eea587bb61d91a7c9641c8ecb9","/.git/index":"9a1e5a665b8404d8ba8d8f82c55566c8654c8b00206c6305c803b9a2283e6283","/.git/HEAD":"23960fa2316fb1cd093c7920df1e9c864ee8c2d784908f7372cd5da920fc3d48","/.git/FETCH_HEAD":"65d8ea662e03a75539b7669e05a8c0ac7838e55e8a5551bee052774104c08c53","/.git/description":"cb35f212fc927456b6a4bc2d7a67a929558927aa0ece195da12a9a59af1991df","/.git/config":"45356fe99aba8618224841a135144a9c1af92ea3bb7d7f171a5600cbf668b32b","/.git/COMMIT_EDITMSG":"a75c94dae524c877c668566bc0730585085dbc86f6585fd84b358e179cd01041","/.git/refs/remotes/origin/main":"2ced9fb54d25f74069ee6e1556c5ce5a6d447b854748fa9312fd10cd6aa40d42","/.git/refs/remotes/origin/HEAD":"309067256ef321c6851b59e293ca58f7ccae3509e768e9597fd3348d34570b32","/.git/refs/heads/main":"2ced9fb54d25f74069ee6e1556c5ce5a6d447b854748fa9312fd10cd6aa40d42","/.git/objects/fe/dca037679c13f86094664931e99c783918a02f":"6c9be7f6ffa837af8e526c3a8b527f549a02b88804c1d708748b301882c3b8e9","/.git/objects/e7/2a59a5936d1538758121773e9db9598516faf9":"69ea757c8800b4527e9da6defb18475cb4212d45ba59f52345be6e3ad61e5364","/.git/objects/e2/8649ff638300cafaac2d84d82836abe41d3eb5":"d424cef354e5a26494fcc09db3c66b2161137c3248c08ada88852046f7fe3fd5","/.git/objects/df/e0770424b2a19faf507a501ebfc23be8f54e7b":"e8bdad0f41c384acb15dadce50908612c5738c64a2bc850196d6f029dd1bc1e6","/.git/objects/d3/f220e262c954d75ea07e9619b1c8136a733a93":"da6e9a244696018dbb3cfd20bcd9f21fa7f83432f62e48c1111f152288c038df","/.git/objects/c5/9062116a829a1daf4c24e2fb8cfcb760e86df7":"bf6b0fd546bc864148835ec4a58463a2b61f4a3ccf844913b4d57fdf81cd5b8f","/.git/objects/c4/9940c60a62652da2d60db545f4cb29bf2639e8":"f7bdddd12c55ffac250d485daea909b59c6276219f9b9938bcb103c6f39034a7","/.git/objects/bc/c4559255534397988ca44ea3dd8b18e626841a":"5aefd89e159bd27accc54bab32a9dbe982080d83d4f56314a7b719539aeb5227","/.git/objects/bc/9355978029574a9dc0951b9b290cd8ca5de393":"5626852d5b61e88a9c9af56d7e9f835f5cbcafac2946c47d8d08bc732626bcfd","/.git/objects/b9/70b2161d965d8acbd31c2cffae9b46b1835eb2":"e447c94dcec98151d2741997558713d2e034fee3a87b26c2fb4702f729c6dddd","/.git/objects/b5/77d2d25108b4cd6af727c1de38b459936b04bd":"5c2c24ac2715fe3253d4f6ccedc28052be0fac13ee4ef83cc56e7847b12d2c24","/.git/objects/a5/e93d0493c9c8190a31878ad706cfc151803d66":"e2da8179b6aa301d6a826109696217c44797c75e26ccd453772eedec0715cc36","/.git/objects/9b/0c7ca8db3676568ab7bc24a78dad4e13f5d8e6":"fafe1dd4fb5a6d47aaf0dc5eb11e71d7ac55de72b841ada0ad3b876f80e1d7f2","/.git/objects/98/898fd528fef91a1fbcb2b024fd4b63535aa44f":"663ac527abe8a4c0954d49350c28cca6f4406b57df37ae8e2144bd806b151025","/.git/objects/7f/dc3320717800e8d7368617a331d3057e46bc10":"5a36ed421140e9978309f5d0aa6edbd54ef9a0c46051a6c3bd9f1738e3cb0090","/.git/objects/73/efc8243e699d6d3effb57cf71a0b2416b3500f":"0d11d9208651d81a1d30318ff664430078100238ea17f0d1a28062e733d43390","/.git/objects/65/9485d9c157e606968c86d97abd1a28e60ec2a5":"b3c909c08a48c04b88d9de7dbbe0ab9d843d4a0bdf25143a022860dd58db1e5a","/.git/objects/5d/409f6e77c1d3ec6fabd53e9f15adc0f3ffaf88":"3cd3cc4e26f55119d4d55a547195da0240620c43b089ed3b1076a8e3256a676e","/.git/objects/59/747e2649982be2621f6fac3d728616e1378c8d":"0c36c8e73ee2597e9762aeff506ac9812b56e9148f057bb79bc818feb35b0e95","/.git/objects/58/fdf86af0440892da2182309b3656b93b351ab5":"a2af5e42bef52a20ad347f85db938946159568b5b41d61ba369d0b89e6571eae","/.git/objects/54/204fb262bc7246bbd9a56e683b9b9b5137d3c9":"30e9adf5de5dd84d3efef3c60baf6093668ce02189976efd3f3e461b38fd5e50","/.git/objects/51/042319f692213e317785bf01bb20751246c708":"8235a0651dc2e7895636039efca05f114cbaa0bae1a89fc13267a35c40b666f0","/.git/objects/4f/75d1cc27ddf0ec495f4f53732174ae0b3f9e4a":"0e31ff06b5a6e2629031f73d31542f73b28d39a276ec8499ab6b3d561dcbadaa","/.git/objects/4c/220ad013527d8e84c950445494991d501f5a92":"12b3231eedad4ecd7f5d2a9489f7a24dc41cf6c5adf6ee07c14e732f24f04acf","/.git/objects/46/e71b4c8120c9bf3212eefa6cff67623dc212e5":"f14ca3c02b07633fd0238206c3213808e5238cc229fd4f6d01ee156ce87ea991","/.git/objects/3f/6a2f684bf766ffce2ee476eb50df95dc4abbcb":"28c454087437112be9eaacf5f7bd5b5a6661d9a0d1f8b6783ac34f07a2177473","/.git/objects/36/097328f39159104b63170286d28427b7984964":"ea021d947e1e65df160f7956107f7562e5755b34f00293861656be097ea69f0c","/.git/objects/36/0142f73572f1263534f8f6386fec30f9f06776":"170bb994564d9da2294ec9f07da94985a4aa046bf3dd1b0d521991b4d2acc9f3","/.git/objects/29/3f3fa3c07b89db3be3875a9b61aa1729eb4b98":"04d380639f94866b20621605f04e3e786f2444b2107511a8c0a225cb97162093","/.git/objects/1f/dd85fd8dd19c29977803ebfb905d2e0e179f20":"0e4960cfb3fc2c6deae5a0a312deaa1a5a64710e0a560a7d60df33e48f29328e","/.git/objects/1f/d3cf398a5b33abda2da3a9e937baa081dd85a3":"8d4cd1a7be9defcf354a799a7a6231646e64ebe2799adfcae06e90e790ecf9b5","/.git/objects/1c/fe50555b6f7ea3b7e8275450079e4cfd32bb17":"e82465f69232f5a50e995672fae3652c86d7ba4f5d714f052f079f4e7e980d9d","/.git/objects/1a/f27ba1e25c4aea4ea902160a8d9c80a942e2cc":"536ba87a0e1cdf7e9b99a8879e788478ca5eab31d45c0cf231dd5795fa0fddd1","/.git/objects/18/c79786f460501db4d7670056bb2a7ed39a8e24":"99fcdea43fe37b524dc7c674619f4f30e5001acc441c69bb94c5fc3cf96cb571","/.git/objects/15/f7981bc96ac7723aefe0df475a4e61ed1186c0":"da3464734a1fa31994912d7c44f28b8bb9d00ffbffa9ecf9e960352414fd07c3","/.git/objects/09/92b5e10fa5e4d92c8a4591b12dec5c0618a732":"638a20cb979965289908e077a283c08c9ce389e625976043c09060193f52637a","/.git/objects/04/079091089887ddb344b13682197b1a0fd7bc10":"84f28b71c4599c2a60c7bdd6f5734bdd74b48c3c42de59eadef2b0226d0f43c9","/.git/objects/03/10b19b85a80e2e4f4d1344c57cb1948898de77":"ae5e02d7e71a51820f5e583e0f9e3aff916651943a0e631b62ea3104301a5910","/.git/objects/01/d6318aae6a086fd9950708e92c176a98eeca7e":"19e51c5aec08eccaf9d330b34b102c5b0f75776562c4026891ccfc25e9036786","/.git/objects/01/6c3090c3819fc58d33e8ca06d1555006b186ae":"b98aaed4c320c7359ad6419e7ee0cab1ea54307ef0edfe39a26c8ac5eb836a4a","/.git/objects/00/5351a463955494ec9e9343bc7a1a3cc9c42957":"67267e8962678dee31de9257dd7246d07ff28d766364fa4513989f59b355b0a9","/.git/logs/HEAD":"c1b25f6efea0621be5f25df0c0e5d416df808b99c85a004a9520295d902fc4ea","/.git/logs/refs/remotes/origin/main":"9c09af2347517f4b42008217a43504bbc674b0f98af748a2a3640bb4e4ca98ed","/.git/logs/refs/remotes/origin/HEAD":"1535eba268c634fdcd16fdeb77e610c6b896b1188c9e62decc078ab5662c7c14","/.git/logs/refs/heads/main":"c1b25f6efea0621be5f25df0c0e5d416df808b99c85a004a9520295d902fc4ea","/.git/info/exclude":"994a83b0bd13a31e35114caf18e8b7fcff4253406797d657aa1d9ea64c7b721d","/.git/hooks/update.sample":"a022fa3ca5c3a9dffa3c09dc035866a2c4e6e935a372724aabba8dd6a5639fee","/.git/hooks/sendemail-validate.sample":"5179ae7bdd72e97e2d9cdbfcec1e72434f42f7f5748665239355f08badcbbee7","/.git/hooks/push-to-checkout.sample":"b686f0c3faae36d5e3110bd8933f861039094c0a996e5c55c3a776a209ca119b","/.git/hooks/prepare-commit-msg.sample":"da47e5ee9571edfcb45598d9e1ed424dc30a87011c99c5d205015bbc8cfe16cc","/.git/hooks/pre-receive.sample":"518430951f2c7182a5fc07191f43236719c64a5244e0ac82131ea92dbe4a2f67","/.git/hooks/pre-rebase.sample":"4c12afd92c797d205ded918d4da7fff21f264e3347ccfe1f718df372100dea0e","/.git/hooks/pre-push.sample":"661c005b1ebf95bb520578d7421bf511e0d91ecac507fc1818ee60c2e3127f64","/.git/hooks/pre-merge-commit.sample":"08d54483ffa10c472d4b5bf54e637a763a905f6909af1491ad4ca8a19241496c","/.git/hooks/pre-commit.sample":"0dc110f82f15687bb7daae0e09828a248ba74bacc4373b6c5e395fa1140853ef","/.git/hooks/pre-applypatch.sample":"efd041617b404639750884bd01917d80c6ec9917e3021e448a1386a237184a36","/.git/hooks/post-update.sample":"4545774e0eba6264d25197fec3cc1520bfd61d16bf6b417b7b1566460ebc28ec","/.git/hooks/fsmonitor-watchman.sample":"c7efd67fa8de750df765a1cf18a7bdf6c2298ab4a4ab1eed2772a32e4fd9725d","/.git/hooks/commit-msg.sample":"00ffdd1510ab6aa72447787ad1516c9bea8345a9cf6ac5345afb1f44aba07f6f","/.git/hooks/applypatch-msg.sample":"e989aeea500fde675ea8ee009c4cf25aae7abbf4dd02c15b04cb8c85404dbca3"}}
[debug] [2026-03-18T13:31:39.704Z] <<< [apiv2][status] POST https://firebasehosting.googleapis.com/v1beta1/projects/116880882776/sites/wissenlib-neu/versions/baa20cc44fbd35b7:populateFiles 200
[debug] [2026-03-18T13:31:39.704Z] <<< [apiv2][body] POST https://firebasehosting.googleapis.com/v1beta1/projects/116880882776/sites/wissenlib-neu/versions/baa20cc44fbd35b7:populateFiles {"uploadUrl":"https://upload-firebasehosting.googleapis.com/upload/sites/wissenlib-neu/versions/baa20cc44fbd35b7/files"}
[debug] [2026-03-18T13:31:39.705Z] [hosting][populate queue][FINAL] {"max":776,"min":776,"avg":776,"active":0,"complete":1,"success":1,"errored":0,"retried":0,"total":1,"elapsed":777}
[debug] [2026-03-18T13:31:39.705Z] [hosting] uploads queued: 0
[debug] [2026-03-18T13:31:39.705Z] [hosting][upload queue][FINAL] {"max":0,"min":9999999999,"avg":0,"active":0,"complete":0,"success":0,"errored":0,"retried":0,"total":0,"elapsed":1773840699705}
[info] +  hosting[wissenlib-neu]: file upload complete 
[debug] [2026-03-18T13:31:39.707Z] [hosting] deploy completed after 861ms
[debug] [2026-03-18T13:31:39.707Z] [
  {
    "config": {
      "public": ".",
      "ignore": [
        "firebase.json",
        "firestore.rules",
        ".firebaserc",
        "**/.*",
        "**/node_modules/**"
      ],
      "rewrites": [
        {
          "source": "**",
          "destination": "/index.html"
        }
      ],
      "headers": [
        {
          "source": "**/*.@(js|mjs)",
          "headers": [
            {
              "key": "Cache-Control",
              "value": "no-cache"
            }
          ]
        }
      ],
      "site": "wissenlib-neu"
    },
    "version": "projects/116880882776/sites/wissenlib-neu/versions/baa20cc44fbd35b7"
  }
]
[info] i  hosting[wissenlib-neu]: finalizing version... 
[debug] [2026-03-18T13:31:39.713Z] Checked if tokens are valid: true, expires at: 1773844294374
[debug] [2026-03-18T13:31:39.713Z] Checked if tokens are valid: true, expires at: 1773844294374
[debug] [2026-03-18T13:31:39.713Z] >>> [apiv2][query] PATCH https://firebasehosting.googleapis.com/v1beta1/projects/-/sites/wissenlib-neu/versions/baa20cc44fbd35b7 updateMask=status%2Cconfig
[debug] [2026-03-18T13:31:39.713Z] >>> [apiv2][body] PATCH https://firebasehosting.googleapis.com/v1beta1/projects/-/sites/wissenlib-neu/versions/baa20cc44fbd35b7 {"status":"FINALIZED","config":{"rewrites":[{"glob":"**","path":"/index.html"}],"headers":[{"glob":"**/*.@(js|mjs)","headers":{"Cache-Control":"no-cache"}}]}}
[debug] [2026-03-18T13:31:40.569Z] <<< [apiv2][status] PATCH https://firebasehosting.googleapis.com/v1beta1/projects/-/sites/wissenlib-neu/versions/baa20cc44fbd35b7 200
[debug] [2026-03-18T13:31:40.569Z] <<< [apiv2][body] PATCH https://firebasehosting.googleapis.com/v1beta1/projects/-/sites/wissenlib-neu/versions/baa20cc44fbd35b7 {"name":"projects/116880882776/sites/wissenlib-neu/versions/baa20cc44fbd35b7","status":"FINALIZED","config":{"headers":[{"headers":{"Cache-Control":"no-cache"},"glob":"**/*.@(js|mjs)"}],"rewrites":[{"glob":"**","path":"/index.html"}]},"labels":{"deployment-tool":"cli-firebase"},"createTime":"2026-03-18T13:31:38.333192Z","createUser":{"email":"olimpoaxle2007@gmail.com"},"finalizeTime":"2026-03-18T13:31:40.505585Z","finalizeUser":{"email":"olimpoaxle2007@gmail.com"}}
[debug] [2026-03-18T13:31:40.569Z] [hosting] finalized version for wissenlib-neu:[object Object]
[info] +  hosting[wissenlib-neu]: version finalized 
[info] i  hosting[wissenlib-neu]: releasing new version... 
[debug] [2026-03-18T13:31:40.573Z] Checked if tokens are valid: true, expires at: 1773844294374
[debug] [2026-03-18T13:31:40.573Z] Checked if tokens are valid: true, expires at: 1773844294374
[debug] [2026-03-18T13:31:40.573Z] >>> [apiv2][query] POST https://firebasehosting.googleapis.com/v1beta1/projects/-/sites/wissenlib-neu/channels/live/releases versionName=projects%2F116880882776%2Fsites%2Fwissenlib-neu%2Fversions%2Fbaa20cc44fbd35b7
[debug] [2026-03-18T13:31:40.573Z] >>> [apiv2][body] POST https://firebasehosting.googleapis.com/v1beta1/projects/-/sites/wissenlib-neu/channels/live/releases {}
[debug] [2026-03-18T13:31:41.395Z] <<< [apiv2][status] POST https://firebasehosting.googleapis.com/v1beta1/projects/-/sites/wissenlib-neu/channels/live/releases 200
[debug] [2026-03-18T13:31:41.395Z] <<< [apiv2][body] POST https://firebasehosting.googleapis.com/v1beta1/projects/-/sites/wissenlib-neu/channels/live/releases {"name":"projects/116880882776/sites/wissenlib-neu/channels/live/releases/1773840700673000","version":{"name":"projects/116880882776/sites/wissenlib-neu/versions/baa20cc44fbd35b7","status":"FINALIZED","config":{"headers":[{"headers":{"Cache-Control":"no-cache"},"glob":"**/*.@(js|mjs)"}],"rewrites":[{"glob":"**","path":"/index.html"}]},"labels":{"deployment-tool":"cli-firebase"},"createTime":"2026-03-18T13:31:38.333192Z","createUser":{"email":"olimpoaxle2007@gmail.com","imageUrl":"https://lh3.googleusercontent.com/a/ACg8ocIcDfpK46_6_SHm7Pe2fQzJ_Lj9U5BusFDYanIIkCevjmvM68w=mo"},"finalizeTime":"2026-03-18T13:31:40.505585Z","finalizeUser":{"email":"olimpoaxle2007@gmail.com","imageUrl":"https://lh3.googleusercontent.com/a/ACg8ocIcDfpK46_6_SHm7Pe2fQzJ_Lj9U5BusFDYanIIkCevjmvM68w=mo"}},"type":"DEPLOY","releaseTime":"2026-03-18T13:31:40.673Z","releaseUser":{"email":"olimpoaxle2007@gmail.com","imageUrl":"https://lh3.googleusercontent.com/a/ACg8ocIcDfpK46_6_SHm7Pe2fQzJ_Lj9U5BusFDYanIIkCevjmvM68w=mo"}}
[debug] [2026-03-18T13:31:41.395Z] [hosting] release: {"name":"projects/116880882776/sites/wissenlib-neu/channels/live/releases/1773840700673000","version":{"name":"projects/116880882776/sites/wissenlib-neu/versions/baa20cc44fbd35b7","status":"FINALIZED","config":{"headers":[{"headers":{"Cache-Control":"no-cache"},"glob":"**/*.@(js|mjs)"}],"rewrites":[{"glob":"**","path":"/index.html"}]},"labels":{"deployment-tool":"cli-firebase"},"createTime":"2026-03-18T13:31:38.333192Z","createUser":{"email":"olimpoaxle2007@gmail.com","imageUrl":"https://lh3.googleusercontent.com/a/ACg8ocIcDfpK46_6_SHm7Pe2fQzJ_Lj9U5BusFDYanIIkCevjmvM68w=mo"},"finalizeTime":"2026-03-18T13:31:40.505585Z","finalizeUser":{"email":"olimpoaxle2007@gmail.com","imageUrl":"https://lh3.googleusercontent.com/a/ACg8ocIcDfpK46_6_SHm7Pe2fQzJ_Lj9U5BusFDYanIIkCevjmvM68w=mo"}},"type":"DEPLOY","releaseTime":"2026-03-18T13:31:40.673Z","releaseUser":{"email":"olimpoaxle2007@gmail.com","imageUrl":"https://lh3.googleusercontent.com/a/ACg8ocIcDfpK46_6_SHm7Pe2fQzJ_Lj9U5BusFDYanIIkCevjmvM68w=mo"}}
[info] +  hosting[wissenlib-neu]: release complete 
[info] 
[info] +  Deploy complete! 
[info] 
[info] Project Console: https://console.firebase.google.com/project/wissenlib-neu/overview
[info] Hosting URL: https://wissenlib-neu.web.app
[debug] [2026-03-18T13:31:46.536Z] Error: Timed out.
    at Timeout._onTimeout (C:\Users\USER\AppData\Roaming\npm\node_modules\firebase-tools\lib\utils.js:308:49)
    at listOnTimeout (node:internal/timers:605:17)
    at process.processTimers (node:internal/timers:541:7)
[error] 
[error] Error: An unexpected error has occurred.
